MPASM  5.51                       DENEY-3.ASM   11-6-2018  9:20:06         PAGE  1


LOC  OBJECT CODE     LINE SOURCE TEXT
  VALUE

                      00001         LIST P=16F877A
                      00002         #INCLUDE <P16F877A.INC>
                      00001         LIST
                      00002 
                      00003 ;==========================================================================
                      00004 ;  MPASM PIC16F877A processor include
                      00005 ; 
                      00006 ;  (c) Copyright 1999-2013 Microchip Technology, All rights reserved
                      00007 ;==========================================================================
                      00008 
                      00566         LIST
2007   3F31           00003         __CONFIG H'3F31'
Warning[207]: Found label after column 1. (SAYICI)
  00000019            00004         SAYICI EQU 0X19
Warning[207]: Found label after column 1. (SAYICI_TIMER)
  00000020            00005         SAYICI_TIMER EQU 0X20
Warning[207]: Found label after column 1. (BIRLERBSM)
  00000021            00006         BIRLERBSM EQU 0X21
Warning[207]: Found label after column 1. (ONLARBSM)
  00000022            00007         ONLARBSM EQU 0X22
Warning[207]: Found label after column 1. (DEGER1)
  00000023            00008         DEGER1 EQU 0X23
Warning[207]: Found label after column 1. (DEGER2)
  00000024            00009         DEGER2 EQU 0X24
0000                  00010         ORG 0X000
0000   2826           00011         GOTO ANA_METOT
0004                  00012         ORG 0X004
                      00013 
0004                  00014 KESME_METOT
0004   1C0C           00015         BTFSS PIR1,TMR1IF
0005   0009           00016         RETFIE
0006   100C           00017         BCF PIR1,TMR1IF
                      00018         
0007   303C           00019         MOVLW H'3C'
0008   008F           00020         MOVWF TMR1H
0009   30B0           00021         MOVLW H'B0'
000A   008E           00022         MOVWF TMR1L
                      00023         
000B   0BA0           00024         DECFSZ SAYICI_TIMER,F
000C   0009           00025         RETFIE
                      00026 
000D   300F           00027         MOVLW D'15'
000E   00A0           00028         MOVWF SAYICI_TIMER
                      00029 
000F   0AA3           00030         INCF DEGER1,F
0010   300A           00031         MOVLW D'10'
0011   0223           00032         SUBWF DEGER1,W
0012   1D03           00033         BTFSS STATUS,Z
0013   2815           00034         GOTO BIRLERBSM_GOSTER
0014   2819           00035         GOTO ONLARBSM_GOSTER
                      00036 
0015                  00037 BIRLERBSM_GOSTER
0015   0823           00038         MOVF DEGER1,W
MPASM  5.51                       DENEY-3.ASM   11-6-2018  9:20:06         PAGE  2


LOC  OBJECT CODE     LINE SOURCE TEXT
  VALUE

0016   2068           00039         CALL LOOKUP_TABLE
0017   00A1           00040         MOVWF BIRLERBSM
0018   0009           00041         RETFIE
                      00042 
0019                  00043 ONLARBSM_GOSTER
0019   01A3           00044         CLRF DEGER1
001A   303F           00045         MOVLW D'63'
001B   00A1           00046         MOVWF BIRLERBSM
001C   1103           00047         BCF STATUS,Z
001D   0AA4           00048         INCF DEGER2,F
001E   3006           00049         MOVLW D'6'
001F   0224           00050         SUBWF DEGER2,W
0020   1903           00051         BTFSC STATUS,Z
0021   2826           00052         GOTO ANA_METOT
                      00053 
0022   0824           00054         MOVF DEGER2,W
0023   2068           00055         CALL LOOKUP_TABLE
0024   00A2           00056         MOVWF ONLARBSM
                      00057 
0025   0009           00058         RETFIE
                      00059         
0026                  00060 ANA_METOT
0026   1683 1303      00061         BANKSEL ADCON1
0028   3006           00062         MOVLW 0X06
Message[302]: Register in operand not in bank 0.  Ensure that bank bits are correct.
0029   009F           00063         MOVWF ADCON1
                      00064 
002A   1683 1303      00065         BANKSEL TRISB
Message[302]: Register in operand not in bank 0.  Ensure that bank bits are correct.
002C   0186           00066         CLRF TRISB
Message[302]: Register in operand not in bank 0.  Ensure that bank bits are correct.
002D   0185           00067         CLRF TRISA
002E   1283 1303      00068         BANKSEL PORTB
0030   0186           00069         CLRF PORTB
0031   0185           00070         CLRF PORTA
                      00071         
0032   1283 1303      00072         BANKSEL INTCON
0034   30C0           00073         MOVLW B'11000000'
0035   008B           00074         MOVWF INTCON
0036   1283 1303      00075         BANKSEL INTCON
                      00076         
0038   1683 1303      00077         BANKSEL PIE1
Message[302]: Register in operand not in bank 0.  Ensure that bank bits are correct.
003A   140C           00078         BSF PIE1,TMR1IE
003B   1683 1303      00079         BANKSEL PIE1
                      00080         
003D   1283 1303      00081         BANKSEL PIR1
003F   100C           00082         BCF PIR1,TMR1IF
0040   1283 1303      00083         BANKSEL PIR1
                      00084         
0042   1283 1303      00085         BANKSEL T1CON
0044   3011           00086         MOVLW B'00010001'
0045   0090           00087         MOVWF T1CON
MPASM  5.51                       DENEY-3.ASM   11-6-2018  9:20:06         PAGE  3


LOC  OBJECT CODE     LINE SOURCE TEXT
  VALUE

0046   1283 1303      00088         BANKSEL T1CON
                      00089         
0048   1283 1303      00090         BANKSEL TMR1H
004A   303C           00091         MOVLW 0X3C
004B   008F           00092         MOVWF TMR1H
004C   30B0           00093         MOVLW 0XB0
004D   008E           00094         MOVWF TMR1L
004E   01A0           00095         CLRF SAYICI_TIMER
004F   300F           00096         MOVLW D'15'
0050   00A0           00097         MOVWF SAYICI_TIMER
0051   303F           00098         MOVLW D'63'
0052   00A1           00099         MOVWF BIRLERBSM
0053   303F           00100         MOVLW D'63'
0054   00A2           00101         MOVWF ONLARBSM
0055   1283 1303      00102         BANKSEL TMR1H   
                      00103         
0057   01A3           00104         CLRF DEGER1
0058   01A4           00105         CLRF DEGER2
                      00106 
0059                  00107 KONTROL
0059   3001           00108         MOVLW H'01'
005A   0085           00109         MOVWF PORTA
005B   0821           00110         MOVF BIRLERBSM,W
005C   0086           00111         MOVWF PORTB
005D   2073           00112         CALL GECIKME
005E   3002           00113         MOVLW H'02'
005F   0085           00114         MOVWF PORTA
0060   3006           00115         MOVLW D'6'
0061   0224           00116         SUBWF DEGER2,W
0062   1903           00117         BTFSC STATUS,Z
0063   01A4           00118         CLRF DEGER2
0064   0822           00119         MOVF ONLARBSM,W
0065   0086           00120         MOVWF PORTB
0066   2073           00121         CALL GECIKME
0067   2859           00122         GOTO KONTROL
                      00123 
0068                  00124 LOOKUP_TABLE
0068   0782           00125         ADDWF PCL,F
0069   343F           00126         RETLW B'00111111'       ;0
006A   3406           00127         RETLW B'00000110'       ;1
006B   345B           00128         RETLW B'01011011'       ;2
006C   344F           00129         RETLW B'01001111'       ;3
006D   3466           00130         RETLW B'01100110'       ;4
006E   346D           00131         RETLW B'01101101'       ;5
006F   347D           00132         RETLW B'01111101'       ;6
0070   3407           00133         RETLW B'00000111'       ;7
0071   347F           00134         RETLW B'01111111'       ;8
0072   346F           00135         RETLW B'01101111'       ;9
                      00136 
0073                  00137 GECIKME
0073   30AA           00138         MOVLW 0XAA
0074   0099           00139         MOVWF SAYICI
                      00140 
MPASM  5.51                       DENEY-3.ASM   11-6-2018  9:20:06         PAGE  4


LOC  OBJECT CODE     LINE SOURCE TEXT
  VALUE

0075                  00141 TEKRAR
0075   0B99           00142         DECFSZ SAYICI,F
0076   2875           00143         GOTO TEKRAR
0077   0008           00144         RETURN
                      00145 
Warning[205]: Found directive in column 1. (END)
                      00146 END
MPASM  5.51                       DENEY-3.ASM   11-6-2018  9:20:06         PAGE  5


SYMBOL TABLE
  LABEL                             VALUE 

ACKDT                             00000005
ACKEN                             00000004
ACKSTAT                           00000006
ADCON0                            0000001F
ADCON1                            0000009F
ADCS0                             00000006
ADCS1                             00000007
ADCS2                             00000006
ADDEN                             00000003
ADFM                              00000007
ADIE                              00000006
ADIF                              00000006
ADON                              00000000
ADRESH                            0000001E
ADRESL                            0000009E
ANA_METOT                         00000026
BCLIE                             00000003
BCLIF                             00000003
BF                                00000000
BIRLERBSM                         00000021
BIRLERBSM_GOSTER                  00000015
BRGH                              00000002
C                                 00000000
C1INV                             00000004
C1OUT                             00000006
C2INV                             00000005
C2OUT                             00000007
CCP1CON                           00000017
CCP1IE                            00000002
CCP1IF                            00000002
CCP1M0                            00000000
CCP1M1                            00000001
CCP1M2                            00000002
CCP1M3                            00000003
CCP1X                             00000005
CCP1Y                             00000004
CCP2CON                           0000001D
CCP2IE                            00000000
CCP2IF                            00000000
CCP2M0                            00000000
CCP2M1                            00000001
CCP2M2                            00000002
CCP2M3                            00000003
CCP2X                             00000005
CCP2Y                             00000004
CCPR1                             00000015
CCPR1H                            00000016
CCPR1L                            00000015
CCPR2                             0000001B
CCPR2H                            0000001C
CCPR2L                            0000001B
CHS0                              00000003
CHS1                              00000004
MPASM  5.51                       DENEY-3.ASM   11-6-2018  9:20:06         PAGE  6


SYMBOL TABLE
  LABEL                             VALUE 

CHS2                              00000005
CIS                               00000003
CKE                               00000006
CKP                               00000004
CM0                               00000000
CM1                               00000001
CM2                               00000002
CMCON                             0000009C
CMIE                              00000006
CMIF                              00000006
CREN                              00000004
CSRC                              00000007
CVR0                              00000000
CVR1                              00000001
CVR2                              00000002
CVR3                              00000003
CVRCON                            0000009D
CVREN                             00000007
CVROE                             00000006
CVRR                              00000005
D                                 00000005
DATA_ADDRESS                      00000005
DC                                00000001
DEGER1                            00000023
DEGER2                            00000024
D_A                               00000005
D_NOT_A                           00000005
EEADR                             0000010D
EEADRH                            0000010F
EECON1                            0000018C
EECON2                            0000018D
EEDATA                            0000010C
EEDATH                            0000010E
EEIE                              00000004
EEIF                              00000004
EEPGD                             00000007
F                                 00000001
FERR                              00000002
FSR                               00000004
GCEN                              00000007
GECIKME                           00000073
GIE                               00000007
GO                                00000002
GO_DONE                           00000002
GO_NOT_DONE                       00000002
I2C_DATA                          00000005
I2C_READ                          00000002
I2C_START                         00000003
I2C_STOP                          00000004
IBF                               00000007
IBOV                              00000005
INDF                              00000000
INTCON                            0000000B
MPASM  5.51                       DENEY-3.ASM   11-6-2018  9:20:06         PAGE  7


SYMBOL TABLE
  LABEL                             VALUE 

INTE                              00000004
INTEDG                            00000006
INTF                              00000001
IRP                               00000007
KESME_METOT                       00000004
KONTROL                           00000059
LOOKUP_TABLE                      00000068
NOT_A                             00000005
NOT_ADDRESS                       00000005
NOT_BO                            00000000
NOT_BOR                           00000000
NOT_DONE                          00000002
NOT_PD                            00000003
NOT_POR                           00000001
NOT_RBPU                          00000007
NOT_RC8                           00000006
NOT_T1SYNC                        00000002
NOT_TO                            00000004
NOT_TX8                           00000006
NOT_W                             00000002
NOT_WRITE                         00000002
OBF                               00000006
OERR                              00000001
ONLARBSM                          00000022
ONLARBSM_GOSTER                   00000019
OPTION_REG                        00000081
P                                 00000004
PCFG0                             00000000
PCFG1                             00000001
PCFG2                             00000002
PCFG3                             00000003
PCL                               00000002
PCLATH                            0000000A
PCON                              0000008E
PEIE                              00000006
PEN                               00000002
PIE1                              0000008C
PIE2                              0000008D
PIR1                              0000000C
PIR2                              0000000D
PORTA                             00000005
PORTB                             00000006
PORTC                             00000007
PORTD                             00000008
PORTE                             00000009
PR2                               00000092
PS0                               00000000
PS1                               00000001
PS2                               00000002
PSA                               00000003
PSPIE                             00000007
PSPIF                             00000007
PSPMODE                           00000004
MPASM  5.51                       DENEY-3.ASM   11-6-2018  9:20:06         PAGE  8


SYMBOL TABLE
  LABEL                             VALUE 

R                                 00000002
RA0                               00000000
RA1                               00000001
RA2                               00000002
RA3                               00000003
RA4                               00000004
RA5                               00000005
RB0                               00000000
RB1                               00000001
RB2                               00000002
RB3                               00000003
RB4                               00000004
RB5                               00000005
RB6                               00000006
RB7                               00000007
RBIE                              00000003
RBIF                              00000000
RC0                               00000000
RC1                               00000001
RC2                               00000002
RC3                               00000003
RC4                               00000004
RC5                               00000005
RC6                               00000006
RC7                               00000007
RC8_9                             00000006
RC9                               00000006
RCD8                              00000000
RCEN                              00000003
RCIE                              00000005
RCIF                              00000005
RCREG                             0000001A
RCSTA                             00000018
RD                                00000000
RD0                               00000000
RD1                               00000001
RD2                               00000002
RD3                               00000003
RD4                               00000004
RD5                               00000005
RD6                               00000006
RD7                               00000007
RE0                               00000000
RE1                               00000001
RE2                               00000002
READ_WRITE                        00000002
RP0                               00000005
RP1                               00000006
RSEN                              00000001
RX9                               00000006
RX9D                              00000000
R_NOT_W                           00000002
R_W                               00000002
MPASM  5.51                       DENEY-3.ASM   11-6-2018  9:20:06         PAGE  9


SYMBOL TABLE
  LABEL                             VALUE 

S                                 00000003
SAYICI                            00000019
SAYICI_TIMER                      00000020
SEN                               00000000
SMP                               00000007
SPBRG                             00000099
SPEN                              00000007
SREN                              00000005
SSPADD                            00000093
SSPBUF                            00000013
SSPCON                            00000014
SSPCON2                           00000091
SSPEN                             00000005
SSPIE                             00000003
SSPIF                             00000003
SSPM0                             00000000
SSPM1                             00000001
SSPM2                             00000002
SSPM3                             00000003
SSPOV                             00000006
SSPSTAT                           00000094
STATUS                            00000003
SYNC                              00000004
T0CS                              00000005
T0IE                              00000005
T0IF                              00000002
T0SE                              00000004
T1CKPS0                           00000004
T1CKPS1                           00000005
T1CON                             00000010
T1INSYNC                          00000002
T1OSCEN                           00000003
T1SYNC                            00000002
T2CKPS0                           00000000
T2CKPS1                           00000001
T2CON                             00000012
TEKRAR                            00000075
TMR0                              00000001
TMR0IE                            00000005
TMR0IF                            00000002
TMR1                              0000000E
TMR1CS                            00000001
TMR1H                             0000000F
TMR1IE                            00000000
TMR1IF                            00000000
TMR1L                             0000000E
TMR1ON                            00000000
TMR2                              00000011
TMR2IE                            00000001
TMR2IF                            00000001
TMR2ON                            00000002
TOUTPS0                           00000003
TOUTPS1                           00000004
MPASM  5.51                       DENEY-3.ASM   11-6-2018  9:20:06         PAGE 10


SYMBOL TABLE
  LABEL                             VALUE 

TOUTPS2                           00000005
TOUTPS3                           00000006
TRISA                             00000085
TRISA0                            00000000
TRISA1                            00000001
TRISA2                            00000002
TRISA3                            00000003
TRISA4                            00000004
TRISA5                            00000005
TRISB                             00000086
TRISB0                            00000000
TRISB1                            00000001
TRISB2                            00000002
TRISB3                            00000003
TRISB4                            00000004
TRISB5                            00000005
TRISB6                            00000006
TRISB7                            00000007
TRISC                             00000087
TRISC0                            00000000
TRISC1                            00000001
TRISC2                            00000002
TRISC3                            00000003
TRISC4                            00000004
TRISC5                            00000005
TRISC6                            00000006
TRISC7                            00000007
TRISD                             00000088
TRISD0                            00000000
TRISD1                            00000001
TRISD2                            00000002
TRISD3                            00000003
TRISD4                            00000004
TRISD5                            00000005
TRISD6                            00000006
TRISD7                            00000007
TRISE                             00000089
TRISE0                            00000000
TRISE1                            00000001
TRISE2                            00000002
TRMT                              00000001
TX8_9                             00000006
TX9                               00000006
TX9D                              00000000
TXD8                              00000000
TXEN                              00000005
TXIE                              00000004
TXIF                              00000004
TXREG                             00000019
TXSTA                             00000098
UA                                00000001
W                                 00000000
WCOL                              00000007
MPASM  5.51                       DENEY-3.ASM   11-6-2018  9:20:06         PAGE 11


SYMBOL TABLE
  LABEL                             VALUE 

WR                                00000001
WREN                              00000002
WRERR                             00000003
Z                                 00000002
_BODEN_OFF                        00003FBF
_BODEN_ON                         00003FFF
_BOREN_OFF                        00003FBF
_BOREN_ON                         00003FFF
_CONFIG                           00002007
_CPD_OFF                          00003FFF
_CPD_ON                           00003EFF
_CP_ALL                           00001FFF
_CP_OFF                           00003FFF
_CP_ON                            00001FFF
_DEBUG_OFF                        00003FFF
_DEBUG_ON                         000037FF
_DEVID1                           00002006
_FOSC_EXTRC                       00003FFF
_FOSC_HS                          00003FFE
_FOSC_LP                          00003FFC
_FOSC_XT                          00003FFD
_HS_OSC                           00003FFE
_IDLOC0                           00002000
_IDLOC1                           00002001
_IDLOC2                           00002002
_IDLOC3                           00002003
_LP_OSC                           00003FFC
_LVP_OFF                          00003F7F
_LVP_ON                           00003FFF
_PWRTE_OFF                        00003FFF
_PWRTE_ON                         00003FF7
_RC_OSC                           00003FFF
_WDTE_OFF                         00003FFB
_WDTE_ON                          00003FFF
_WDT_OFF                          00003FFB
_WDT_ON                           00003FFF
_WRT_1FOURTH                      00003BFF
_WRT_256                          00003DFF
_WRT_HALF                         000039FF
_WRT_OFF                          00003FFF
_XT_OSC                           00003FFD
__16F877A                         00000001
__DEBUG                           1
MPASM  5.51                       DENEY-3.ASM   11-6-2018  9:20:06         PAGE 12


MEMORY USAGE MAP ('X' = Used,  '-' = Unused)


0000 : X---XXXXXXXXXXXX XXXXXXXXXXXXXXXX XXXXXXXXXXXXXXXX XXXXXXXXXXXXXXXX
0040 : XXXXXXXXXXXXXXXX XXXXXXXXXXXXXXXX XXXXXXXXXXXXXXXX XXXXXXXX--------
2000 : -------X-------- ---------------- ---------------- ----------------

All other memory blocks unused.

Program Memory Words Used:   117
Program Memory Words Free:  8075


Errors   :     0
Warnings :     7 reported,     0 suppressed
Messages :     4 reported,     0 suppressed

